<?xml version="1.0" encoding="UTF-8"?>
<testsuite name="demo.base.BaseDemoTest" tests="3" skipped="0" failures="0" errors="0" timestamp="2022-08-26T11:08:15" hostname="DESKTOP-C2H3UUK" time="0.011">
  <properties/>
  <testcase name="should_return_hello_world()" classname="demo.base.BaseDemoTest" time="0.009"/>
  <testcase name="shouldReturnFive()" classname="demo.base.BaseDemoTest" time="0.0"/>
  <testcase name="shouldReturnNegativeSeven()" classname="demo.base.BaseDemoTest" time="0.0"/>
  <system-out><![CDATA[]]></system-out>
  <system-err><![CDATA[]]></system-err>
</testsuite>
